2024-12-18 09:20:57,795 - telegram.ext.Application - INFO - Application is stopping. This might take a moment.
2024-12-18 09:20:57,799 - apscheduler.scheduler - INFO - Scheduler has been shut down
2024-12-18 09:20:57,799 - telegram.ext.Application - INFO - Application.stop() complete
2024-12-18 11:22:56,045 - apscheduler.scheduler - INFO - Scheduler started
2024-12-18 11:22:56,046 - telegram.ext.Application - INFO - Application started
2024-12-18 11:24:36,002 - __main__ - INFO - Participants saved successfully
2024-12-18 11:25:21,432 - __main__ - INFO - Participants saved successfully
2024-12-18 11:25:26,231 - __main__ - INFO - Participants saved successfully
2024-12-18 11:25:33,801 - __main__ - INFO - Participants saved successfully
2024-12-18 11:26:00,191 - __main__ - INFO - Participants saved successfully
2024-12-18 11:26:26,323 - __main__ - INFO - Participants saved successfully
2024-12-18 11:30:35,092 - __main__ - INFO - Participants saved successfully
2024-12-18 11:31:43,509 - __main__ - INFO - Participants saved successfully
2024-12-18 11:34:24,231 - telegram.ext.Application - INFO - Application is stopping. This might take a moment.
2024-12-18 11:34:24,232 - apscheduler.scheduler - INFO - Scheduler has been shut down
2024-12-18 11:34:24,232 - telegram.ext.Application - INFO - Application.stop() complete
2024-12-18 11:34:28,202 - apscheduler.scheduler - INFO - Scheduler started
2024-12-18 11:34:28,203 - telegram.ext.Application - INFO - Application started
2024-12-18 11:35:29,626 - __main__ - INFO - Participants saved successfully
2024-12-18 11:35:30,233 - __main__ - ERROR - Error sending sticker: Wrong file identifier/http url specified
2024-12-18 11:36:45,087 - __main__ - INFO - Participants saved successfully
2024-12-18 11:36:45,894 - __main__ - ERROR - Error sending sticker: Wrong file identifier/http url specified
2024-12-18 11:37:08,647 - telegram.ext.Application - ERROR - No error handlers are registered, logging exception.
Traceback (most recent call last):
  File "C:\Users\ryuch\AppData\Local\Programs\Python\Python312\Lib\site-packages\telegram\ext\_application.py", line 1234, in process_update
    await coroutine
  File "C:\Users\ryuch\AppData\Local\Programs\Python\Python312\Lib\site-packages\telegram\ext\_basehandler.py", line 157, in handle_update
    return await self.callback(update, context)
           ^^^^^^^^^^^^^^^^^^^^^^^^^^^^^^^^^^^^
  File "c:\py\PyGuessgame\pyguessinggame2.py", line 525, in handle_message
    username = update.message.from_user.username
               ^^^^^^^^^^^^^^^^^^^^^^^^
AttributeError: 'NoneType' object has no attribute 'from_user'
2024-12-18 11:37:37,970 - __main__ - INFO - Participants saved successfully
2024-12-18 11:37:38,625 - __main__ - ERROR - Error sending sticker: Wrong file identifier/http url specified
2024-12-18 11:37:43,499 - __main__ - INFO - Participants saved successfully
2024-12-18 11:37:44,026 - __main__ - ERROR - Error sending sticker: Wrong file identifier/http url specified
2024-12-18 11:37:54,896 - telegram.ext.Application - INFO - Application is stopping. This might take a moment.
2024-12-18 11:37:54,896 - apscheduler.scheduler - INFO - Scheduler has been shut down
2024-12-18 11:37:54,897 - telegram.ext.Application - INFO - Application.stop() complete
2024-12-18 11:37:54,931 - asyncio - ERROR - Task was destroyed but it is pending!
task: <Task pending name='Task-31' coro=<QuizBot.schedule_next_game.<locals>.delayed_next_game() running at c:\py\PyGuessgame\pyguessinggame2.py:623> wait_for=<Future pending cb=[Task.task_wakeup()]>>
2024-12-18 20:20:17,793 - apscheduler.scheduler - INFO - Scheduler started
2024-12-18 20:20:17,794 - telegram.ext.Application - INFO - Application started
2024-12-18 20:20:40,744 - telegram.ext.Application - INFO - Application is stopping. This might take a moment.
2024-12-18 20:20:40,744 - apscheduler.scheduler - INFO - Scheduler has been shut down
2024-12-18 20:20:40,744 - telegram.ext.Application - INFO - Application.stop() complete
2024-12-18 20:20:54,854 - apscheduler.scheduler - INFO - Scheduler started
2024-12-18 20:20:54,855 - telegram.ext.Application - INFO - Application started
2024-12-18 20:21:23,487 - __main__ - INFO - Participants saved successfully
2024-12-18 20:24:16,031 - __main__ - INFO - Participants saved successfully
2024-12-18 20:26:15,054 - __main__ - INFO - Participants saved successfully
2024-12-18 20:26:15,754 - __main__ - ERROR - Error sending sticker: Wrong file identifier/http url specified
2024-12-18 20:26:22,744 - __main__ - INFO - Participants saved successfully
2024-12-18 20:26:23,412 - __main__ - ERROR - Error sending sticker: Wrong file identifier/http url specified
2024-12-18 20:28:43,426 - telegram.ext.Application - INFO - Application is stopping. This might take a moment.
2024-12-18 20:28:43,426 - apscheduler.scheduler - INFO - Scheduler has been shut down
2024-12-18 20:28:43,427 - telegram.ext.Application - INFO - Application.stop() complete
2024-12-18 20:31:55,121 - apscheduler.scheduler - INFO - Scheduler started
2024-12-18 20:31:55,121 - telegram.ext.Application - INFO - Application started
2024-12-18 20:33:22,475 - __main__ - INFO - Participants saved successfully
2024-12-18 20:33:23,183 - __main__ - ERROR - Error sending sticker: Wrong file identifier/http url specified
2024-12-18 20:35:09,138 - __main__ - INFO - Participants saved successfully
2024-12-18 20:35:09,734 - __main__ - ERROR - Error sending sticker: Wrong file identifier/http url specified
2024-12-18 20:35:49,645 - telegram.ext.Application - INFO - Application is stopping. This might take a moment.
2024-12-18 20:35:49,646 - apscheduler.scheduler - INFO - Scheduler has been shut down
2024-12-18 20:35:49,646 - telegram.ext.Application - INFO - Application.stop() complete
2024-12-18 20:35:49,677 - asyncio - ERROR - Task was destroyed but it is pending!
task: <Task pending name='Task-23' coro=<QuizBot.schedule_next_game.<locals>.delayed_next_game() running at c:\py\PyGuessgame\pyguessinggame2.py:628> wait_for=<Future pending cb=[Task.task_wakeup()]>>
2024-12-18 20:56:06,396 - apscheduler.scheduler - INFO - Scheduler started
2024-12-18 20:56:06,397 - telegram.ext.Application - INFO - Application started
2024-12-18 20:56:32,376 - __main__ - INFO - Participant data reset by admin: chicago311
2024-12-18 21:54:31,460 - telegram.ext.Application - INFO - Application is stopping. This might take a moment.
2024-12-18 21:54:31,464 - apscheduler.scheduler - INFO - Scheduler has been shut down
2024-12-18 21:54:31,464 - telegram.ext.Application - INFO - Application.stop() complete
